<?xml version="1.0" encoding="utf-8"?>
<shfbBuild product="Sandcastle Help File Builder and Tools" version="2023.3.4.0" projectFile="F:\Sandcastle Help File Builder\Lib.shfbproj" started="13.04.2023 12:24:24">
<buildStep step="Initializing">
The Sandcastle tools are located in &#39;E:\Program Files (x86)\EWSoftware\Sandcastle Help File Builder&#39;
Locating components in the following folder(s):
    F:\Sandcastle Help File Builder
    C:\ProgramData\EWSoftware\Sandcastle Help File Builder\Components and Plug-Ins
    E:\Program Files (x86)\EWSoftware\Sandcastle Help File Builder\Components
Using framework reflection data for &#39;.NET Core/.NET Standard/.NET 5.0+&#39; located in &#39;E:\Program Files (x86)\EWSoftware\Sandcastle Help File Builder\Data\.NET&#39;
Using presentation style &#39;Default2022&#39; located in &#39;E:\Program Files (x86)\EWSoftware\Sandcastle Help File Builder\Components\Default2022&#39;
Loading and initializing plug-ins...
Assembly Binding Redirection Version 2023.3.4.0
Copyright &#169; 2006-2023, Eric Woodruff, All Rights Reserved
Website Table of Contents Generator Version 2023.3.4.0
Copyright &#169; 2006-2023, Eric Woodruff, All Rights Reserved
</buildStep>
<buildStep step="ClearWorkFolder">
Clearing working folder...
-------------------------------
Clearing any prior web/markdown output...
</buildStep>
<buildStep step="ValidatingDocumentationSources">
Validating and copying documentation source information
Source: F:\Sandcastle Help File Builder\Files\Sorting.dll
    Found assembly &#39;F:\Sandcastle Help File Builder\Files\Sorting.dll&#39;
Source: F:\Sandcastle Help File Builder\Files\Sorting.xml

Copying XML comments files
    F:\Sandcastle Help File Builder\Files\Sorting.xml -&gt; F:\Sandcastle Help File Builder\WorkingFiles\Sorting.xml
</buildStep>
<buildStep step="GenerateSharedContent">
Generating shared content files (en-US, Englisch (USA))...
    Last step completed in 00:00:00,0030
</buildStep>
<buildStep step="GenerateApiFilter">
Generating API filter for MRefBuilder...
    Last step completed in 00:00:00,0030
</buildStep>
<buildStep step="GenerateReflectionInfo">
Generating reflection information...
<plugIn name="Assembly Binding Redirection" behavior="Before" priority="1000">
Adding ignored assembly names to assembly resolver configuration:
    BusinessObjects.Licensing.KeycodeDecoder
    Microsoft.VisualStudio.TestTools.UITest.Playback
    EPPlus
</plugIn>[C:\Program Files\Microsoft Visual Studio\2022\Community\MSBuild\Current\Bin\amd64\MSBuild.exe - GenerateRefInfo-eea0973f-2b93-4163-9e7d-388b794977c5.proj]
Der Buildvorgang wurde am 13.04.2023 12:24:25 gestartet.
Included response file: C:\Program Files\Microsoft Visual Studio\2022\Community\MSBuild\Current\Bin\amd64\MSBuild.rsp

Projekt &quot;F:\Sandcastle Help File Builder\WorkingFiles\GenerateRefInfo-eea0973f-2b93-4163-9e7d-388b794977c5.proj&quot; auf Knoten &quot;1&quot; (Standardziele).
PrepareForBuild:
  Das Verzeichnis &quot;obj\Debug\&quot; wird erstellt.
GenerateBindingRedirects:
  Keine vorgeschlagenen BindingRedirect-Eintr„ge von ResolveAssemblyReferences.
GenerateRefInfo:
  Microsoft.Build (v17.5.0+6f08c67f3ed838dccfbcdab91e6bebc54a26fd94)
  &#184; Microsoft Corporation. All rights reserved.
  No source code context base path specified.  Source context information is unavailable.
  Loaded 1 assemblies for reflection and 1 dependency assemblies.
MRefBuilder : warning : Ignoring unresolved assembly reference: EPPlus (EPPlus, Version=6.1.3.0, Culture=neutral, PublicKeyToken=ea159fdaa78159a1) required by Sorting [F:\Sandcastle Help File Builder\WorkingFiles\GenerateRefInfo-eea0973f-2b93-4163-9e7d-388b794977c5.proj]
  Wrote information on 1 namespaces, 25 types, and 171 members
  Merging duplicate type and member information
  Merged 0 duplicate type(s) and 0 duplicate member(s)
Die Erstellung von Projekt &quot;F:\Sandcastle Help File Builder\WorkingFiles\GenerateRefInfo-eea0973f-2b93-4163-9e7d-388b794977c5.proj&quot; ist abgeschlossen (Standardziele).
    Last step completed in 00:00:00,7405
</buildStep>
<buildStep step="ApplyDocumentModel">
Applying document model to reflection output...
    Last step completed in 00:00:00,0310
</buildStep>
<buildStep step="AddApiTopicFilenames">
Adding topic filenames to API members...
    Last step completed in 00:00:00,0070
</buildStep>
<buildStep step="GenerateApiTopicManifest">
Generating API topic manifest...
    Last step completed in 00:00:00,0080
</buildStep>
<buildStep step="GenerateNamespaceSummaries">
Generating namespace summary information...
    Last step completed in 00:00:00,0090
</buildStep>
<buildStep step="GenerateInheritedDocumentation">
Generating inherited documentation...
[C:\Program Files\Microsoft Visual Studio\2022\Community\MSBuild\Current\Bin\amd64\MSBuild.exe - GenerateInheritedDocs.proj]

    Last step completed in 00:00:00,4962
</buildStep>
<buildStep step="CopyAdditionalContent">
Copying additional content files...
No additional content to copy
    Last step completed in 00:00:00,0020
</buildStep>
<buildStep step="MergeTablesOfContents">
Merging conceptual and additional tables of contents...
    Last step completed in 00:00:00,0000
</buildStep>
<buildStep step="GenerateIntermediateTableOfContents">
Generating intermediate table of contents file for API content...
Generating conceptual content intermediate TOC file...
    Last step completed in 00:00:00,0150
</buildStep>
<buildStep step="CreateBuildAssemblerConfigs">
Creating Sandcastle configuration files...
    Last step completed in 00:00:00,0380
</buildStep>
<buildStep step="CombiningIntermediateTocFiles">
Combining conceptual and API intermediate TOC files...
    Last step completed in 00:00:00,0056
</buildStep>
<buildStep step="MergeCustomConfigs">
Merging custom build component configurations
F:\Sandcastle Help File Builder\WorkingFiles\BuildAssembler.config
  Updating reference topic configurations.
    Added configuration for &#39;API Token Resolution&#39; before &#39;Show Missing Documentation Component&#39; (instance 1)
    Replacing default configuration for &#39;Code Block Component&#39; with the custom configuration
    Added configuration for &#39;IntelliSense Component&#39; after &#39;Show Missing Documentation Component&#39; (instance 1)
    Replaced configuration for &#39;Syntax Component&#39; (instance 1) with configuration for &#39;Syntax Component&#39;
    Added configuration for &#39;Transform Document Dump Component&#39; before &#39;Transform Component&#39; (instance 1)
  No conceptual content.  Removing conceptual content components.
    Last step completed in 00:00:00,0140
</buildStep>
<buildStep step="BuildTopics">
Building help topics...
<plugIn name="Website Table of Contents Generator" behavior="Before" priority="1000">
Loading TOC info and adding unique IDs to parent nodes
</plugIn>Loading configuration...
Processing topics...
SHFB: Warning BE0066: ShowMissingComponent: [M:Sorting.AlgorithmsInfo.#ctor(System.Collections.Generic.List{Sorting.ISortable})] Missing &lt;param name=&quot;list&quot;/&gt; documentation
Processed 243 topic(s)
1 warning(s)
CopyFromIndexComponent: &quot;reflection&quot; in-memory cache entries used: 4 of 15.
CopyFromIndexComponent: &quot;comments&quot; in-memory cache entries used: 3 of 30.
<plugIn name="Website Table of Contents Generator" behavior="After" priority="1000">
Generating TOC fragment files
</plugIn>    Last step completed in 00:00:02,1973
</buildStep>
<buildStep step="CopyStandardHelpContent">
Copying standard help content...
E:\Program Files (x86)\EWSoftware\Sandcastle Help File Builder\Components\Default2022\css\bulma.css -&gt; F:\Sandcastle Help File Builder\WorkingFiles\Output\Website\css\bulma.css
E:\Program Files (x86)\EWSoftware\Sandcastle Help File Builder\Components\Default2022\css\bulma.css.map -&gt; F:\Sandcastle Help File Builder\WorkingFiles\Output\Website\css\bulma.css.map
E:\Program Files (x86)\EWSoftware\Sandcastle Help File Builder\Components\Default2022\css\bulma.min.css -&gt; F:\Sandcastle Help File Builder\WorkingFiles\Output\Website\css\bulma.min.css
E:\Program Files (x86)\EWSoftware\Sandcastle Help File Builder\Components\Default2022\css\font-awesome.css -&gt; F:\Sandcastle Help File Builder\WorkingFiles\Output\Website\css\font-awesome.css
E:\Program Files (x86)\EWSoftware\Sandcastle Help File Builder\Components\Default2022\css\font-awesome.min.css -&gt; F:\Sandcastle Help File Builder\WorkingFiles\Output\Website\css\font-awesome.min.css
E:\Program Files (x86)\EWSoftware\Sandcastle Help File Builder\Components\Default2022\css\ja-JP.css -&gt; F:\Sandcastle Help File Builder\WorkingFiles\Output\Website\css\ja-JP.css
E:\Program Files (x86)\EWSoftware\Sandcastle Help File Builder\Components\Default2022\css\ko-KR.css -&gt; F:\Sandcastle Help File Builder\WorkingFiles\Output\Website\css\ko-KR.css
E:\Program Files (x86)\EWSoftware\Sandcastle Help File Builder\Components\Default2022\css\presentationStyle.css -&gt; F:\Sandcastle Help File Builder\WorkingFiles\Output\Website\css\presentationStyle.css
E:\Program Files (x86)\EWSoftware\Sandcastle Help File Builder\Components\Default2022\css\vs.min.css -&gt; F:\Sandcastle Help File Builder\WorkingFiles\Output\Website\css\vs.min.css
E:\Program Files (x86)\EWSoftware\Sandcastle Help File Builder\Components\Default2022\css\zh-CN.css -&gt; F:\Sandcastle Help File Builder\WorkingFiles\Output\Website\css\zh-CN.css
E:\Program Files (x86)\EWSoftware\Sandcastle Help File Builder\Components\Default2022\css\zh-TW.css -&gt; F:\Sandcastle Help File Builder\WorkingFiles\Output\Website\css\zh-TW.css
E:\Program Files (x86)\EWSoftware\Sandcastle Help File Builder\Components\Default2022\icons\favicon.ico -&gt; F:\Sandcastle Help File Builder\WorkingFiles\Output\Website\icons\favicon.ico
E:\Program Files (x86)\EWSoftware\Sandcastle Help File Builder\Components\Default2022\scripts\clipboard.min.js -&gt; F:\Sandcastle Help File Builder\WorkingFiles\Output\Website\scripts\clipboard.min.js
E:\Program Files (x86)\EWSoftware\Sandcastle Help File Builder\Components\Default2022\scripts\highlight.min.js -&gt; F:\Sandcastle Help File Builder\WorkingFiles\Output\Website\scripts\highlight.min.js
E:\Program Files (x86)\EWSoftware\Sandcastle Help File Builder\Components\Default2022\scripts\jquery-3.5.1.min.js -&gt; F:\Sandcastle Help File Builder\WorkingFiles\Output\Website\scripts\jquery-3.5.1.min.js
E:\Program Files (x86)\EWSoftware\Sandcastle Help File Builder\Components\Default2022\scripts\presentationStyle.js -&gt; F:\Sandcastle Help File Builder\WorkingFiles\Output\Website\scripts\presentationStyle.js
E:\Program Files (x86)\EWSoftware\Sandcastle Help File Builder\Components\Default2022\webfonts\fa-brands-400.ttf -&gt; F:\Sandcastle Help File Builder\WorkingFiles\Output\Website\webfonts\fa-brands-400.ttf
E:\Program Files (x86)\EWSoftware\Sandcastle Help File Builder\Components\Default2022\webfonts\fa-brands-400.woff2 -&gt; F:\Sandcastle Help File Builder\WorkingFiles\Output\Website\webfonts\fa-brands-400.woff2
E:\Program Files (x86)\EWSoftware\Sandcastle Help File Builder\Components\Default2022\webfonts\fa-regular-400.ttf -&gt; F:\Sandcastle Help File Builder\WorkingFiles\Output\Website\webfonts\fa-regular-400.ttf
E:\Program Files (x86)\EWSoftware\Sandcastle Help File Builder\Components\Default2022\webfonts\fa-regular-400.woff2 -&gt; F:\Sandcastle Help File Builder\WorkingFiles\Output\Website\webfonts\fa-regular-400.woff2
E:\Program Files (x86)\EWSoftware\Sandcastle Help File Builder\Components\Default2022\webfonts\fa-solid-900.ttf -&gt; F:\Sandcastle Help File Builder\WorkingFiles\Output\Website\webfonts\fa-solid-900.ttf
E:\Program Files (x86)\EWSoftware\Sandcastle Help File Builder\Components\Default2022\webfonts\fa-solid-900.woff2 -&gt; F:\Sandcastle Help File Builder\WorkingFiles\Output\Website\webfonts\fa-solid-900.woff2
E:\Program Files (x86)\EWSoftware\Sandcastle Help File Builder\Components\Default2022\webfonts\fa-v4compatibility.ttf -&gt; F:\Sandcastle Help File Builder\WorkingFiles\Output\Website\webfonts\fa-v4compatibility.ttf
E:\Program Files (x86)\EWSoftware\Sandcastle Help File Builder\Components\Default2022\webfonts\fa-v4compatibility.woff2 -&gt; F:\Sandcastle Help File Builder\WorkingFiles\Output\Website\webfonts\fa-v4compatibility.woff2
E:\Program Files (x86)\EWSoftware\Sandcastle Help File Builder\Components\Default2022\RootWebsiteContent\GeneralError.html -&gt; F:\Sandcastle Help File Builder\WorkingFiles\Output\Website\GeneralError.html
E:\Program Files (x86)\EWSoftware\Sandcastle Help File Builder\Components\Default2022\RootWebsiteContent\index.html -&gt; F:\Sandcastle Help File Builder\WorkingFiles\Output\Website\index.html
E:\Program Files (x86)\EWSoftware\Sandcastle Help File Builder\Components\Default2022\RootWebsiteContent\PageNotFound.html -&gt; F:\Sandcastle Help File Builder\WorkingFiles\Output\Website\PageNotFound.html
E:\Program Files (x86)\EWSoftware\Sandcastle Help File Builder\Components\Default2022\RootWebsiteContent\search.html -&gt; F:\Sandcastle Help File Builder\WorkingFiles\Output\Website\search.html
E:\Program Files (x86)\EWSoftware\Sandcastle Help File Builder\Components\Default2022\RootWebsiteContent\SearchHelp.aspx -&gt; F:\Sandcastle Help File Builder\WorkingFiles\Output\Website\SearchHelp.aspx
E:\Program Files (x86)\EWSoftware\Sandcastle Help File Builder\Components\Default2022\RootWebsiteContent\SearchHelp.inc.php -&gt; F:\Sandcastle Help File Builder\WorkingFiles\Output\Website\SearchHelp.inc.php
E:\Program Files (x86)\EWSoftware\Sandcastle Help File Builder\Components\Default2022\RootWebsiteContent\SearchHelp.php -&gt; F:\Sandcastle Help File Builder\WorkingFiles\Output\Website\SearchHelp.php
E:\Program Files (x86)\EWSoftware\Sandcastle Help File Builder\Components\Default2022\RootWebsiteContent\Web.Config -&gt; F:\Sandcastle Help File Builder\WorkingFiles\Output\Website\Web.Config
    Last step completed in 00:00:00,0154
</buildStep>
<buildStep step="GenerateFullTextIndex">
Generating full-text index for the website...

    Last step completed in 00:00:00,1883
</buildStep>
<buildStep step="CopyingWebsiteFiles">
Copying website files to output folder...

Copied 378 files for the website content
    Last step completed in 00:00:00,1790
</buildStep>
<buildStep step="CleanIntermediates">
Removing intermediate files...
    Last step completed in 00:00:00,2930
</buildStep>
<buildStep step="Completed">

Build completed successfully at 13.04.2023 12:24:29.  Total time: 00:00:04,7239

</buildStep>
</shfbBuild>
